[2019-09-11T17:34:21,404][INFO ][o.e.n.Node               ] [] initializing ...
[2019-09-11T17:34:22,454][INFO ][o.e.e.NodeEnvironment    ] [psaT6YG] using [1] data paths, mounts [[/home (/dev/sda8)]], net usable_space [55.9gb], net total_space [72.6gb], spins? [possibly], types [ext4]
[2019-09-11T17:34:22,455][INFO ][o.e.e.NodeEnvironment    ] [psaT6YG] heap size [1.9gb], compressed ordinary object pointers [true]
[2019-09-11T17:34:22,458][INFO ][o.e.n.Node               ] node name [psaT6YG] derived from node ID [psaT6YGJQrq-y9Vmiz5IxQ]; set [node.name] to override
[2019-09-11T17:34:22,459][INFO ][o.e.n.Node               ] version[5.5.1], pid[13232], build[19c13d0/2017-07-18T20:44:24.823Z], OS[Linux/4.18.0-25-generic/amd64], JVM[Ubuntu/OpenJDK 64-Bit Server VM/11.0.4/11.0.4+11-post-Ubuntu-1ubuntu218.04.3]
[2019-09-11T17:34:22,460][INFO ][o.e.n.Node               ] JVM arguments [-Xms2g, -Xmx2g, -XX:+UseConcMarkSweepGC, -XX:CMSInitiatingOccupancyFraction=75, -XX:+UseCMSInitiatingOccupancyOnly, -XX:+AlwaysPreTouch, -Xss1m, -Djava.awt.headless=true, -Dfile.encoding=UTF-8, -Djna.nosys=true, -Djdk.io.permissionsUseCanonicalPath=true, -Dio.netty.noUnsafe=true, -Dio.netty.noKeySetOptimization=true, -Dio.netty.recycler.maxCapacityPerThread=0, -Dlog4j.shutdownHookEnabled=false, -Dlog4j2.disable.jmx=true, -Dlog4j.skipJansi=true, -XX:+HeapDumpOnOutOfMemoryError, -Des.path.home=/home/spark/work/elasticsearch-5.5.1]
[2019-09-11T17:34:24,351][INFO ][o.e.p.PluginsService     ] [psaT6YG] loaded module [aggs-matrix-stats]
[2019-09-11T17:34:24,352][INFO ][o.e.p.PluginsService     ] [psaT6YG] loaded module [ingest-common]
[2019-09-11T17:34:24,352][INFO ][o.e.p.PluginsService     ] [psaT6YG] loaded module [lang-expression]
[2019-09-11T17:34:24,352][INFO ][o.e.p.PluginsService     ] [psaT6YG] loaded module [lang-groovy]
[2019-09-11T17:34:24,352][INFO ][o.e.p.PluginsService     ] [psaT6YG] loaded module [lang-mustache]
[2019-09-11T17:34:24,352][INFO ][o.e.p.PluginsService     ] [psaT6YG] loaded module [lang-painless]
[2019-09-11T17:34:24,352][INFO ][o.e.p.PluginsService     ] [psaT6YG] loaded module [parent-join]
[2019-09-11T17:34:24,353][INFO ][o.e.p.PluginsService     ] [psaT6YG] loaded module [percolator]
[2019-09-11T17:34:24,353][INFO ][o.e.p.PluginsService     ] [psaT6YG] loaded module [reindex]
[2019-09-11T17:34:24,353][INFO ][o.e.p.PluginsService     ] [psaT6YG] loaded module [transport-netty3]
[2019-09-11T17:34:24,353][INFO ][o.e.p.PluginsService     ] [psaT6YG] loaded module [transport-netty4]
[2019-09-11T17:34:24,353][INFO ][o.e.p.PluginsService     ] [psaT6YG] loaded plugin [analysis-ik]
[2019-09-11T17:34:37,211][INFO ][o.e.d.DiscoveryModule    ] [psaT6YG] using discovery type [zen]
[2019-09-11T17:35:05,364][INFO ][o.e.n.Node               ] initialized
[2019-09-11T17:35:05,453][INFO ][o.e.n.Node               ] [psaT6YG] starting ...
[2019-09-11T17:35:32,217][INFO ][o.e.t.TransportService   ] [psaT6YG] publish_address {127.0.0.1:9300}, bound_addresses {[::1]:9300}, {127.0.0.1:9300}
[2019-09-11T17:35:32,525][WARN ][o.e.b.BootstrapChecks    ] [psaT6YG] max file descriptors [4096] for elasticsearch process is too low, increase to at least [65536]
[2019-09-11T17:35:32,526][WARN ][o.e.b.BootstrapChecks    ] [psaT6YG] max virtual memory areas vm.max_map_count [65530] is too low, increase to at least [262144]
[2019-09-11T17:35:36,870][INFO ][o.e.c.s.ClusterService   ] [psaT6YG] new_master {psaT6YG}{psaT6YGJQrq-y9Vmiz5IxQ}{g8jjoF9PT9SJBYWiwDseqw}{127.0.0.1}{127.0.0.1:9300}, reason: zen-disco-elected-as-master ([0] nodes joined)
[2019-09-11T17:35:39,295][INFO ][o.e.h.n.Netty4HttpServerTransport] [psaT6YG] publish_address {127.0.0.1:9200}, bound_addresses {[::1]:9200}, {127.0.0.1:9200}
[2019-09-11T17:35:39,296][INFO ][o.e.n.Node               ] [psaT6YG] started
[2019-09-11T17:35:39,799][INFO ][o.e.g.GatewayService     ] [psaT6YG] recovered [0] indices into cluster_state
[2019-09-11T17:35:41,330][INFO ][o.w.a.d.Monitor          ] try load config from /home/spark/work/elasticsearch-5.5.1/config/analysis-ik/IKAnalyzer.cfg.xml
[2019-09-11T17:35:41,775][INFO ][o.e.c.m.MetaDataCreateIndexService] [psaT6YG] [index] creating index, cause [api], templates [], shards [5]/[1], mappings []
[2019-09-11T17:36:34,347][INFO ][o.e.c.m.MetaDataCreateIndexService] [psaT6YG] [accounts] creating index, cause [api], templates [], shards [5]/[1], mappings [person]
[2019-09-11T17:49:30,693][INFO ][o.e.c.m.MetaDataDeleteIndexService] [psaT6YG] [index/_B0knubaR6uvs7BMEHlRAQ] deleting index
[2019-09-11T17:49:57,874][INFO ][o.e.c.m.MetaDataCreateIndexService] [psaT6YG] [index] creating index, cause [api], templates [], shards [5]/[1], mappings [person]
[2019-09-11T17:50:16,404][DEBUG][o.e.a.a.i.m.p.TransportPutMappingAction] [psaT6YG] failed to put mappings on indices [[[index/uYYsjsvmSjy8uHqWbR-bEw]]], type [_create]
org.elasticsearch.indices.InvalidTypeNameException: Document mapping type name can't start with '_', found: [_create]
	at org.elasticsearch.cluster.metadata.MetaDataMappingService$PutMappingExecutor.applyRequest(MetaDataMappingService.java:297) ~[elasticsearch-5.5.1.jar:5.5.1]
	at org.elasticsearch.cluster.metadata.MetaDataMappingService$PutMappingExecutor.execute(MetaDataMappingService.java:230) ~[elasticsearch-5.5.1.jar:5.5.1]
	at org.elasticsearch.cluster.service.ClusterService.executeTasks(ClusterService.java:634) ~[elasticsearch-5.5.1.jar:5.5.1]
	at org.elasticsearch.cluster.service.ClusterService.calculateTaskOutputs(ClusterService.java:612) ~[elasticsearch-5.5.1.jar:5.5.1]
	at org.elasticsearch.cluster.service.ClusterService.runTasks(ClusterService.java:571) [elasticsearch-5.5.1.jar:5.5.1]
	at org.elasticsearch.cluster.service.ClusterService$ClusterServiceTaskBatcher.run(ClusterService.java:263) [elasticsearch-5.5.1.jar:5.5.1]
	at org.elasticsearch.cluster.service.TaskBatcher.runIfNotProcessed(TaskBatcher.java:150) [elasticsearch-5.5.1.jar:5.5.1]
	at org.elasticsearch.cluster.service.TaskBatcher$BatchedTask.run(TaskBatcher.java:188) [elasticsearch-5.5.1.jar:5.5.1]
	at org.elasticsearch.common.util.concurrent.ThreadContext$ContextPreservingRunnable.run(ThreadContext.java:569) [elasticsearch-5.5.1.jar:5.5.1]
	at org.elasticsearch.common.util.concurrent.PrioritizedEsThreadPoolExecutor$TieBreakingPrioritizedRunnable.runAndClean(PrioritizedEsThreadPoolExecutor.java:247) [elasticsearch-5.5.1.jar:5.5.1]
	at org.elasticsearch.common.util.concurrent.PrioritizedEsThreadPoolExecutor$TieBreakingPrioritizedRunnable.run(PrioritizedEsThreadPoolExecutor.java:210) [elasticsearch-5.5.1.jar:5.5.1]
	at java.util.concurrent.ThreadPoolExecutor.runWorker(ThreadPoolExecutor.java:1128) [?:?]
	at java.util.concurrent.ThreadPoolExecutor$Worker.run(ThreadPoolExecutor.java:628) [?:?]
	at java.lang.Thread.run(Thread.java:834) [?:?]
[2019-09-11T17:51:07,838][INFO ][o.e.c.m.MetaDataDeleteIndexService] [psaT6YG] [index/uYYsjsvmSjy8uHqWbR-bEw] deleting index
[2019-09-11T17:52:44,874][INFO ][o.e.c.m.MetaDataCreateIndexService] [psaT6YG] [index] creating index, cause [auto(bulk api)], templates [], shards [5]/[1], mappings []
[2019-09-11T17:52:45,749][DEBUG][o.e.a.b.TransportShardBulkAction] [psaT6YG] [index][3] failed to execute bulk item (index) BulkShardRequest [[index][3]] containing [index {[index][_create][1], source[
{"content":"美国留给伊拉克的是个烂摊子吗"}
curl -XPOST http://localhost:9200/index/person/1 -H Content-Type:application/json -d]}]
org.elasticsearch.index.mapper.MapperParsingException: failed to parse
	at org.elasticsearch.index.mapper.DocumentParser.wrapInMapperParsingException(DocumentParser.java:176) ~[elasticsearch-5.5.1.jar:5.5.1]
	at org.elasticsearch.index.mapper.DocumentParser.parseDocument(DocumentParser.java:69) ~[elasticsearch-5.5.1.jar:5.5.1]
	at org.elasticsearch.index.mapper.DocumentMapper.parse(DocumentMapper.java:277) ~[elasticsearch-5.5.1.jar:5.5.1]
	at org.elasticsearch.index.shard.IndexShard.prepareIndex(IndexShard.java:529) ~[elasticsearch-5.5.1.jar:5.5.1]
	at org.elasticsearch.index.shard.IndexShard.prepareIndexOnPrimary(IndexShard.java:506) ~[elasticsearch-5.5.1.jar:5.5.1]
	at org.elasticsearch.action.bulk.TransportShardBulkAction.prepareIndexOperationOnPrimary(TransportShardBulkAction.java:450) ~[elasticsearch-5.5.1.jar:5.5.1]
	at org.elasticsearch.action.bulk.TransportShardBulkAction.executeIndexRequestOnPrimary(TransportShardBulkAction.java:458) ~[elasticsearch-5.5.1.jar:5.5.1]
	at org.elasticsearch.action.bulk.TransportShardBulkAction.executeBulkItemRequest(TransportShardBulkAction.java:143) [elasticsearch-5.5.1.jar:5.5.1]
	at org.elasticsearch.action.bulk.TransportShardBulkAction.shardOperationOnPrimary(TransportShardBulkAction.java:113) [elasticsearch-5.5.1.jar:5.5.1]
	at org.elasticsearch.action.bulk.TransportShardBulkAction.shardOperationOnPrimary(TransportShardBulkAction.java:69) [elasticsearch-5.5.1.jar:5.5.1]
	at org.elasticsearch.action.support.replication.TransportReplicationAction$PrimaryShardReference.perform(TransportReplicationAction.java:939) [elasticsearch-5.5.1.jar:5.5.1]
	at org.elasticsearch.action.support.replication.TransportReplicationAction$PrimaryShardReference.perform(TransportReplicationAction.java:908) [elasticsearch-5.5.1.jar:5.5.1]
	at org.elasticsearch.action.support.replication.ReplicationOperation.execute(ReplicationOperation.java:113) [elasticsearch-5.5.1.jar:5.5.1]
	at org.elasticsearch.action.support.replication.TransportReplicationAction$AsyncPrimaryAction.onResponse(TransportReplicationAction.java:322) [elasticsearch-5.5.1.jar:5.5.1]
	at org.elasticsearch.action.support.replication.TransportReplicationAction$AsyncPrimaryAction.onResponse(TransportReplicationAction.java:264) [elasticsearch-5.5.1.jar:5.5.1]
	at org.elasticsearch.action.support.replication.TransportReplicationAction$1.onResponse(TransportReplicationAction.java:888) [elasticsearch-5.5.1.jar:5.5.1]
	at org.elasticsearch.action.support.replication.TransportReplicationAction$1.onResponse(TransportReplicationAction.java:885) [elasticsearch-5.5.1.jar:5.5.1]
	at org.elasticsearch.index.shard.IndexShardOperationsLock.acquire(IndexShardOperationsLock.java:147) [elasticsearch-5.5.1.jar:5.5.1]
	at org.elasticsearch.index.shard.IndexShard.acquirePrimaryOperationLock(IndexShard.java:1657) [elasticsearch-5.5.1.jar:5.5.1]
	at org.elasticsearch.action.support.replication.TransportReplicationAction.acquirePrimaryShardReference(TransportReplicationAction.java:897) [elasticsearch-5.5.1.jar:5.5.1]
	at org.elasticsearch.action.support.replication.TransportReplicationAction.access$400(TransportReplicationAction.java:93) [elasticsearch-5.5.1.jar:5.5.1]
	at org.elasticsearch.action.support.replication.TransportReplicationAction$AsyncPrimaryAction.doRun(TransportReplicationAction.java:281) [elasticsearch-5.5.1.jar:5.5.1]
	at org.elasticsearch.common.util.concurrent.AbstractRunnable.run(AbstractRunnable.java:37) [elasticsearch-5.5.1.jar:5.5.1]
	at org.elasticsearch.action.support.replication.TransportReplicationAction$PrimaryOperationTransportHandler.messageReceived(TransportReplicationAction.java:260) [elasticsearch-5.5.1.jar:5.5.1]
	at org.elasticsearch.action.support.replication.TransportReplicationAction$PrimaryOperationTransportHandler.messageReceived(TransportReplicationAction.java:252) [elasticsearch-5.5.1.jar:5.5.1]
	at org.elasticsearch.transport.RequestHandlerRegistry.processMessageReceived(RequestHandlerRegistry.java:69) [elasticsearch-5.5.1.jar:5.5.1]
	at org.elasticsearch.transport.TransportService$7.doRun(TransportService.java:644) [elasticsearch-5.5.1.jar:5.5.1]
	at org.elasticsearch.common.util.concurrent.ThreadContext$ContextPreservingAbstractRunnable.doRun(ThreadContext.java:638) [elasticsearch-5.5.1.jar:5.5.1]
	at org.elasticsearch.common.util.concurrent.AbstractRunnable.run(AbstractRunnable.java:37) [elasticsearch-5.5.1.jar:5.5.1]
	at java.util.concurrent.ThreadPoolExecutor.runWorker(ThreadPoolExecutor.java:1128) [?:?]
	at java.util.concurrent.ThreadPoolExecutor$Worker.run(ThreadPoolExecutor.java:628) [?:?]
	at java.lang.Thread.run(Thread.java:834) [?:?]
Caused by: com.fasterxml.jackson.core.JsonParseException: Unrecognized token 'curl': was expecting ('true', 'false' or 'null')
 at [Source: org.elasticsearch.common.bytes.BytesReference$MarkSupportingStreamInputWrapper@33b84694; line: 3, column: 6]
	at com.fasterxml.jackson.core.JsonParser._constructError(JsonParser.java:1702) ~[jackson-core-2.8.6.jar:2.8.6]
	at com.fasterxml.jackson.core.base.ParserMinimalBase._reportError(ParserMinimalBase.java:558) ~[jackson-core-2.8.6.jar:2.8.6]
	at com.fasterxml.jackson.core.json.UTF8StreamJsonParser._reportInvalidToken(UTF8StreamJsonParser.java:3528) ~[jackson-core-2.8.6.jar:2.8.6]
	at com.fasterxml.jackson.core.json.UTF8StreamJsonParser._handleUnexpectedValue(UTF8StreamJsonParser.java:2686) ~[jackson-core-2.8.6.jar:2.8.6]
	at com.fasterxml.jackson.core.json.UTF8StreamJsonParser._nextTokenNotInObject(UTF8StreamJsonParser.java:878) ~[jackson-core-2.8.6.jar:2.8.6]
	at com.fasterxml.jackson.core.json.UTF8StreamJsonParser.nextToken(UTF8StreamJsonParser.java:772) ~[jackson-core-2.8.6.jar:2.8.6]
	at org.elasticsearch.common.xcontent.json.JsonXContentParser.nextToken(JsonXContentParser.java:55) ~[elasticsearch-5.5.1.jar:5.5.1]
	at org.elasticsearch.index.mapper.DocumentParser.validateEnd(DocumentParser.java:123) ~[elasticsearch-5.5.1.jar:5.5.1]
	at org.elasticsearch.index.mapper.DocumentParser.parseDocument(DocumentParser.java:67) ~[elasticsearch-5.5.1.jar:5.5.1]
	... 30 more
[2019-09-11T17:53:28,275][INFO ][o.e.n.Node               ] [psaT6YG] stopping ...
[2019-09-11T17:53:28,376][INFO ][o.e.n.Node               ] [psaT6YG] stopped
[2019-09-11T17:53:28,379][INFO ][o.e.n.Node               ] [psaT6YG] closing ...
[2019-09-11T17:53:28,432][INFO ][o.e.n.Node               ] [psaT6YG] closed
[2019-09-11T18:01:06,025][INFO ][o.e.n.Node               ] [] initializing ...
[2019-09-11T18:01:06,209][INFO ][o.e.e.NodeEnvironment    ] [psaT6YG] using [1] data paths, mounts [[/home (/dev/sda8)]], net usable_space [55.9gb], net total_space [72.6gb], spins? [possibly], types [ext4]
[2019-09-11T18:01:06,210][INFO ][o.e.e.NodeEnvironment    ] [psaT6YG] heap size [1.9gb], compressed ordinary object pointers [true]
[2019-09-11T18:01:06,269][INFO ][o.e.n.Node               ] node name [psaT6YG] derived from node ID [psaT6YGJQrq-y9Vmiz5IxQ]; set [node.name] to override
[2019-09-11T18:01:06,270][INFO ][o.e.n.Node               ] version[5.5.1], pid[13678], build[19c13d0/2017-07-18T20:44:24.823Z], OS[Linux/4.18.0-25-generic/amd64], JVM[Ubuntu/OpenJDK 64-Bit Server VM/11.0.4/11.0.4+11-post-Ubuntu-1ubuntu218.04.3]
[2019-09-11T18:01:06,270][INFO ][o.e.n.Node               ] JVM arguments [-Xms2g, -Xmx2g, -XX:+UseConcMarkSweepGC, -XX:CMSInitiatingOccupancyFraction=75, -XX:+UseCMSInitiatingOccupancyOnly, -XX:+AlwaysPreTouch, -Xss1m, -Djava.awt.headless=true, -Dfile.encoding=UTF-8, -Djna.nosys=true, -Djdk.io.permissionsUseCanonicalPath=true, -Dio.netty.noUnsafe=true, -Dio.netty.noKeySetOptimization=true, -Dio.netty.recycler.maxCapacityPerThread=0, -Dlog4j.shutdownHookEnabled=false, -Dlog4j2.disable.jmx=true, -Dlog4j.skipJansi=true, -XX:+HeapDumpOnOutOfMemoryError, -Des.path.home=/home/spark/work/elasticsearch-5.5.1]
[2019-09-11T18:01:07,242][INFO ][o.e.p.PluginsService     ] [psaT6YG] loaded module [aggs-matrix-stats]
[2019-09-11T18:01:07,243][INFO ][o.e.p.PluginsService     ] [psaT6YG] loaded module [ingest-common]
[2019-09-11T18:01:07,243][INFO ][o.e.p.PluginsService     ] [psaT6YG] loaded module [lang-expression]
[2019-09-11T18:01:07,243][INFO ][o.e.p.PluginsService     ] [psaT6YG] loaded module [lang-groovy]
[2019-09-11T18:01:07,243][INFO ][o.e.p.PluginsService     ] [psaT6YG] loaded module [lang-mustache]
[2019-09-11T18:01:07,243][INFO ][o.e.p.PluginsService     ] [psaT6YG] loaded module [lang-painless]
[2019-09-11T18:01:07,243][INFO ][o.e.p.PluginsService     ] [psaT6YG] loaded module [parent-join]
[2019-09-11T18:01:07,243][INFO ][o.e.p.PluginsService     ] [psaT6YG] loaded module [percolator]
[2019-09-11T18:01:07,243][INFO ][o.e.p.PluginsService     ] [psaT6YG] loaded module [reindex]
[2019-09-11T18:01:07,243][INFO ][o.e.p.PluginsService     ] [psaT6YG] loaded module [transport-netty3]
[2019-09-11T18:01:07,243][INFO ][o.e.p.PluginsService     ] [psaT6YG] loaded module [transport-netty4]
[2019-09-11T18:01:07,244][INFO ][o.e.p.PluginsService     ] [psaT6YG] loaded plugin [analysis-ik]
[2019-09-11T18:01:08,920][INFO ][o.e.d.DiscoveryModule    ] [psaT6YG] using discovery type [zen]
[2019-09-11T18:01:09,324][INFO ][o.e.n.Node               ] initialized
[2019-09-11T18:01:09,325][INFO ][o.e.n.Node               ] [psaT6YG] starting ...
[2019-09-11T18:01:09,498][INFO ][o.e.t.TransportService   ] [psaT6YG] publish_address {127.0.0.1:9300}, bound_addresses {[::1]:9300}, {127.0.0.1:9300}
[2019-09-11T18:01:09,506][WARN ][o.e.b.BootstrapChecks    ] [psaT6YG] max file descriptors [4096] for elasticsearch process is too low, increase to at least [65536]
[2019-09-11T18:01:09,506][WARN ][o.e.b.BootstrapChecks    ] [psaT6YG] max virtual memory areas vm.max_map_count [65530] is too low, increase to at least [262144]
[2019-09-11T18:01:12,641][INFO ][o.e.c.s.ClusterService   ] [psaT6YG] new_master {psaT6YG}{psaT6YGJQrq-y9Vmiz5IxQ}{d-EHOa0sQMOEa6NcdehlxA}{127.0.0.1}{127.0.0.1:9300}, reason: zen-disco-elected-as-master ([0] nodes joined)
[2019-09-11T18:01:12,723][INFO ][o.w.a.d.Monitor          ] try load config from /home/spark/work/elasticsearch-5.5.1/config/analysis-ik/IKAnalyzer.cfg.xml
[2019-09-11T18:01:12,789][INFO ][o.e.h.n.Netty4HttpServerTransport] [psaT6YG] publish_address {127.0.0.1:9200}, bound_addresses {[::1]:9200}, {127.0.0.1:9200}
[2019-09-11T18:01:12,789][INFO ][o.e.n.Node               ] [psaT6YG] started
[2019-09-11T18:01:13,327][INFO ][o.e.g.GatewayService     ] [psaT6YG] recovered [2] indices into cluster_state
[2019-09-11T18:01:15,064][INFO ][o.e.c.r.a.AllocationService] [psaT6YG] Cluster health status changed from [RED] to [YELLOW] (reason: [shards started [[accounts][1]] ...]).
